<?xml version="1.0" encoding="UTF-8"?>
<testsuite xmlns:xsi="http://www.w3.org/2001/XMLSchema-instance" xsi:noNamespaceSchemaLocation="https://maven.apache.org/surefire/maven-surefire-plugin/xsd/surefire-test-report.xsd" name="me.fandong.cloudserver.CloudserverApplicationTests" time="2.665" tests="1" errors="0" skipped="0" failures="0">
  <properties>
    <property name="gopherProxySet" value="false"/>
    <property name="awt.toolkit" value="sun.lwawt.macosx.LWCToolkit"/>
    <property name="java.specification.version" value="10"/>
    <property name="file.encoding.pkg" value="sun.io"/>
    <property name="sun.cpu.isalist" value=""/>
    <property name="sun.jnu.encoding" value="UTF-8"/>
    <property name="java.class.path" value="/Users/fandongtongxue/Documents/GitHub/CloudServer/cloudserver/target/test-classes:/Users/fandongtongxue/Documents/GitHub/CloudServer/cloudserver/target/classes:/Users/fandongtongxue/Maven/org/springframework/boot/spring-boot-starter-web/2.0.1.RELEASE/spring-boot-starter-web-2.0.1.RELEASE.jar:/Users/fandongtongxue/Maven/org/springframework/boot/spring-boot-starter/2.0.1.RELEASE/spring-boot-starter-2.0.1.RELEASE.jar:/Users/fandongtongxue/Maven/org/springframework/boot/spring-boot/2.0.1.RELEASE/spring-boot-2.0.1.RELEASE.jar:/Users/fandongtongxue/Maven/org/springframework/boot/spring-boot-autoconfigure/2.0.1.RELEASE/spring-boot-autoconfigure-2.0.1.RELEASE.jar:/Users/fandongtongxue/Maven/org/springframework/boot/spring-boot-starter-logging/2.0.1.RELEASE/spring-boot-starter-logging-2.0.1.RELEASE.jar:/Users/fandongtongxue/Maven/ch/qos/logback/logback-classic/1.2.3/logback-classic-1.2.3.jar:/Users/fandongtongxue/Maven/ch/qos/logback/logback-core/1.2.3/logback-core-1.2.3.jar:/Users/fandongtongxue/Maven/org/apache/logging/log4j/log4j-to-slf4j/2.10.0/log4j-to-slf4j-2.10.0.jar:/Users/fandongtongxue/Maven/org/apache/logging/log4j/log4j-api/2.10.0/log4j-api-2.10.0.jar:/Users/fandongtongxue/Maven/org/slf4j/jul-to-slf4j/1.7.25/jul-to-slf4j-1.7.25.jar:/Users/fandongtongxue/Maven/javax/annotation/javax.annotation-api/1.3.2/javax.annotation-api-1.3.2.jar:/Users/fandongtongxue/Maven/org/yaml/snakeyaml/1.19/snakeyaml-1.19.jar:/Users/fandongtongxue/Maven/org/springframework/boot/spring-boot-starter-json/2.0.1.RELEASE/spring-boot-starter-json-2.0.1.RELEASE.jar:/Users/fandongtongxue/Maven/com/fasterxml/jackson/core/jackson-databind/2.9.5/jackson-databind-2.9.5.jar:/Users/fandongtongxue/Maven/com/fasterxml/jackson/core/jackson-annotations/2.9.0/jackson-annotations-2.9.0.jar:/Users/fandongtongxue/Maven/com/fasterxml/jackson/core/jackson-core/2.9.5/jackson-core-2.9.5.jar:/Users/fandongtongxue/Maven/com/fasterxml/jackson/datatype/jackson-datatype-jdk8/2.9.5/jackson-datatype-jdk8-2.9.5.jar:/Users/fandongtongxue/Maven/com/fasterxml/jackson/datatype/jackson-datatype-jsr310/2.9.5/jackson-datatype-jsr310-2.9.5.jar:/Users/fandongtongxue/Maven/com/fasterxml/jackson/module/jackson-module-parameter-names/2.9.5/jackson-module-parameter-names-2.9.5.jar:/Users/fandongtongxue/Maven/org/springframework/boot/spring-boot-starter-tomcat/2.0.1.RELEASE/spring-boot-starter-tomcat-2.0.1.RELEASE.jar:/Users/fandongtongxue/Maven/org/apache/tomcat/embed/tomcat-embed-core/8.5.29/tomcat-embed-core-8.5.29.jar:/Users/fandongtongxue/Maven/org/apache/tomcat/embed/tomcat-embed-el/8.5.29/tomcat-embed-el-8.5.29.jar:/Users/fandongtongxue/Maven/org/apache/tomcat/embed/tomcat-embed-websocket/8.5.29/tomcat-embed-websocket-8.5.29.jar:/Users/fandongtongxue/Maven/org/hibernate/validator/hibernate-validator/6.0.9.Final/hibernate-validator-6.0.9.Final.jar:/Users/fandongtongxue/Maven/javax/validation/validation-api/2.0.1.Final/validation-api-2.0.1.Final.jar:/Users/fandongtongxue/Maven/org/jboss/logging/jboss-logging/3.3.2.Final/jboss-logging-3.3.2.Final.jar:/Users/fandongtongxue/Maven/com/fasterxml/classmate/1.3.4/classmate-1.3.4.jar:/Users/fandongtongxue/Maven/org/springframework/spring-web/5.0.5.RELEASE/spring-web-5.0.5.RELEASE.jar:/Users/fandongtongxue/Maven/org/springframework/spring-beans/5.0.5.RELEASE/spring-beans-5.0.5.RELEASE.jar:/Users/fandongtongxue/Maven/org/springframework/spring-webmvc/5.0.5.RELEASE/spring-webmvc-5.0.5.RELEASE.jar:/Users/fandongtongxue/Maven/org/springframework/spring-aop/5.0.5.RELEASE/spring-aop-5.0.5.RELEASE.jar:/Users/fandongtongxue/Maven/org/springframework/spring-context/5.0.5.RELEASE/spring-context-5.0.5.RELEASE.jar:/Users/fandongtongxue/Maven/org/springframework/spring-expression/5.0.5.RELEASE/spring-expression-5.0.5.RELEASE.jar:/Users/fandongtongxue/Maven/org/springframework/boot/spring-boot-starter-test/2.0.1.RELEASE/spring-boot-starter-test-2.0.1.RELEASE.jar:/Users/fandongtongxue/Maven/org/springframework/boot/spring-boot-test/2.0.1.RELEASE/spring-boot-test-2.0.1.RELEASE.jar:/Users/fandongtongxue/Maven/org/springframework/boot/spring-boot-test-autoconfigure/2.0.1.RELEASE/spring-boot-test-autoconfigure-2.0.1.RELEASE.jar:/Users/fandongtongxue/Maven/com/jayway/jsonpath/json-path/2.4.0/json-path-2.4.0.jar:/Users/fandongtongxue/Maven/net/minidev/json-smart/2.3/json-smart-2.3.jar:/Users/fandongtongxue/Maven/net/minidev/accessors-smart/1.2/accessors-smart-1.2.jar:/Users/fandongtongxue/Maven/org/ow2/asm/asm/5.0.4/asm-5.0.4.jar:/Users/fandongtongxue/Maven/org/slf4j/slf4j-api/1.7.25/slf4j-api-1.7.25.jar:/Users/fandongtongxue/Maven/junit/junit/4.12/junit-4.12.jar:/Users/fandongtongxue/Maven/org/assertj/assertj-core/3.9.1/assertj-core-3.9.1.jar:/Users/fandongtongxue/Maven/org/mockito/mockito-core/2.15.0/mockito-core-2.15.0.jar:/Users/fandongtongxue/Maven/net/bytebuddy/byte-buddy/1.7.11/byte-buddy-1.7.11.jar:/Users/fandongtongxue/Maven/net/bytebuddy/byte-buddy-agent/1.7.11/byte-buddy-agent-1.7.11.jar:/Users/fandongtongxue/Maven/org/objenesis/objenesis/2.6/objenesis-2.6.jar:/Users/fandongtongxue/Maven/org/hamcrest/hamcrest-core/1.3/hamcrest-core-1.3.jar:/Users/fandongtongxue/Maven/org/hamcrest/hamcrest-library/1.3/hamcrest-library-1.3.jar:/Users/fandongtongxue/Maven/org/skyscreamer/jsonassert/1.5.0/jsonassert-1.5.0.jar:/Users/fandongtongxue/Maven/com/vaadin/external/google/android-json/0.0.20131108.vaadin1/android-json-0.0.20131108.vaadin1.jar:/Users/fandongtongxue/Maven/org/springframework/spring-core/5.0.5.RELEASE/spring-core-5.0.5.RELEASE.jar:/Users/fandongtongxue/Maven/org/springframework/spring-jcl/5.0.5.RELEASE/spring-jcl-5.0.5.RELEASE.jar:/Users/fandongtongxue/Maven/org/springframework/spring-test/5.0.5.RELEASE/spring-test-5.0.5.RELEASE.jar:/Users/fandongtongxue/Maven/org/xmlunit/xmlunit-core/2.5.1/xmlunit-core-2.5.1.jar:/Users/fandongtongxue/Maven/com/qiniu/qiniu-java-sdk/7.2.11/qiniu-java-sdk-7.2.11.jar:/Users/fandongtongxue/Maven/com/squareup/okhttp3/okhttp/3.9.1/okhttp-3.9.1.jar:/Users/fandongtongxue/Maven/com/squareup/okio/okio/1.13.0/okio-1.13.0.jar:/Users/fandongtongxue/Maven/com/google/code/gson/gson/2.8.2/gson-2.8.2.jar:/Users/fandongtongxue/Maven/com/qiniu/happy-dns-java/0.1.6/happy-dns-java-0.1.6.jar:/Users/fandongtongxue/Maven/com/aliyun/oss/aliyun-sdk-oss/2.8.3/aliyun-sdk-oss-2.8.3.jar:/Users/fandongtongxue/Maven/org/apache/httpcomponents/httpclient/4.5.5/httpclient-4.5.5.jar:/Users/fandongtongxue/Maven/org/apache/httpcomponents/httpcore/4.4.9/httpcore-4.4.9.jar:/Users/fandongtongxue/Maven/commons-codec/commons-codec/1.11/commons-codec-1.11.jar:/Users/fandongtongxue/Maven/org/jdom/jdom/1.1/jdom-1.1.jar:"/>
    <property name="java.vm.vendor" value="&quot;Oracle Corporation&quot;"/>
    <property name="sun.arch.data.model" value="64"/>
    <property name="java.vendor.url" value="http://java.oracle.com/"/>
    <property name="user.timezone" value=""/>
    <property name="java.vm.specification.version" value="10"/>
    <property name="os.name" value="Mac OS X"/>
    <property name="sun.java.launcher" value="SUN_STANDARD"/>
    <property name="user.country" value="CN"/>
    <property name="sun.boot.library.path" value="/Library/Java/JavaVirtualMachines/jdk-10.jdk/Contents/Home/lib"/>
    <property name="sun.java.command" value="/Users/fandongtongxue/Documents/GitHub/CloudServer/cloudserver/target/surefire/surefirebooter18147195819397272563.jar /Users/fandongtongxue/Documents/GitHub/CloudServer/cloudserver/target/surefire 2018-05-01T22-45-41_390-jvmRun1 surefire11512316474114690652tmp surefire_011917925957047346437tmp"/>
    <property name="jdk.debug" value="release"/>
    <property name="surefire.test.class.path" value="/Users/fandongtongxue/Documents/GitHub/CloudServer/cloudserver/target/test-classes:/Users/fandongtongxue/Documents/GitHub/CloudServer/cloudserver/target/classes:/Users/fandongtongxue/Maven/org/springframework/boot/spring-boot-starter-web/2.0.1.RELEASE/spring-boot-starter-web-2.0.1.RELEASE.jar:/Users/fandongtongxue/Maven/org/springframework/boot/spring-boot-starter/2.0.1.RELEASE/spring-boot-starter-2.0.1.RELEASE.jar:/Users/fandongtongxue/Maven/org/springframework/boot/spring-boot/2.0.1.RELEASE/spring-boot-2.0.1.RELEASE.jar:/Users/fandongtongxue/Maven/org/springframework/boot/spring-boot-autoconfigure/2.0.1.RELEASE/spring-boot-autoconfigure-2.0.1.RELEASE.jar:/Users/fandongtongxue/Maven/org/springframework/boot/spring-boot-starter-logging/2.0.1.RELEASE/spring-boot-starter-logging-2.0.1.RELEASE.jar:/Users/fandongtongxue/Maven/ch/qos/logback/logback-classic/1.2.3/logback-classic-1.2.3.jar:/Users/fandongtongxue/Maven/ch/qos/logback/logback-core/1.2.3/logback-core-1.2.3.jar:/Users/fandongtongxue/Maven/org/apache/logging/log4j/log4j-to-slf4j/2.10.0/log4j-to-slf4j-2.10.0.jar:/Users/fandongtongxue/Maven/org/apache/logging/log4j/log4j-api/2.10.0/log4j-api-2.10.0.jar:/Users/fandongtongxue/Maven/org/slf4j/jul-to-slf4j/1.7.25/jul-to-slf4j-1.7.25.jar:/Users/fandongtongxue/Maven/javax/annotation/javax.annotation-api/1.3.2/javax.annotation-api-1.3.2.jar:/Users/fandongtongxue/Maven/org/yaml/snakeyaml/1.19/snakeyaml-1.19.jar:/Users/fandongtongxue/Maven/org/springframework/boot/spring-boot-starter-json/2.0.1.RELEASE/spring-boot-starter-json-2.0.1.RELEASE.jar:/Users/fandongtongxue/Maven/com/fasterxml/jackson/core/jackson-databind/2.9.5/jackson-databind-2.9.5.jar:/Users/fandongtongxue/Maven/com/fasterxml/jackson/core/jackson-annotations/2.9.0/jackson-annotations-2.9.0.jar:/Users/fandongtongxue/Maven/com/fasterxml/jackson/core/jackson-core/2.9.5/jackson-core-2.9.5.jar:/Users/fandongtongxue/Maven/com/fasterxml/jackson/datatype/jackson-datatype-jdk8/2.9.5/jackson-datatype-jdk8-2.9.5.jar:/Users/fandongtongxue/Maven/com/fasterxml/jackson/datatype/jackson-datatype-jsr310/2.9.5/jackson-datatype-jsr310-2.9.5.jar:/Users/fandongtongxue/Maven/com/fasterxml/jackson/module/jackson-module-parameter-names/2.9.5/jackson-module-parameter-names-2.9.5.jar:/Users/fandongtongxue/Maven/org/springframework/boot/spring-boot-starter-tomcat/2.0.1.RELEASE/spring-boot-starter-tomcat-2.0.1.RELEASE.jar:/Users/fandongtongxue/Maven/org/apache/tomcat/embed/tomcat-embed-core/8.5.29/tomcat-embed-core-8.5.29.jar:/Users/fandongtongxue/Maven/org/apache/tomcat/embed/tomcat-embed-el/8.5.29/tomcat-embed-el-8.5.29.jar:/Users/fandongtongxue/Maven/org/apache/tomcat/embed/tomcat-embed-websocket/8.5.29/tomcat-embed-websocket-8.5.29.jar:/Users/fandongtongxue/Maven/org/hibernate/validator/hibernate-validator/6.0.9.Final/hibernate-validator-6.0.9.Final.jar:/Users/fandongtongxue/Maven/javax/validation/validation-api/2.0.1.Final/validation-api-2.0.1.Final.jar:/Users/fandongtongxue/Maven/org/jboss/logging/jboss-logging/3.3.2.Final/jboss-logging-3.3.2.Final.jar:/Users/fandongtongxue/Maven/com/fasterxml/classmate/1.3.4/classmate-1.3.4.jar:/Users/fandongtongxue/Maven/org/springframework/spring-web/5.0.5.RELEASE/spring-web-5.0.5.RELEASE.jar:/Users/fandongtongxue/Maven/org/springframework/spring-beans/5.0.5.RELEASE/spring-beans-5.0.5.RELEASE.jar:/Users/fandongtongxue/Maven/org/springframework/spring-webmvc/5.0.5.RELEASE/spring-webmvc-5.0.5.RELEASE.jar:/Users/fandongtongxue/Maven/org/springframework/spring-aop/5.0.5.RELEASE/spring-aop-5.0.5.RELEASE.jar:/Users/fandongtongxue/Maven/org/springframework/spring-context/5.0.5.RELEASE/spring-context-5.0.5.RELEASE.jar:/Users/fandongtongxue/Maven/org/springframework/spring-expression/5.0.5.RELEASE/spring-expression-5.0.5.RELEASE.jar:/Users/fandongtongxue/Maven/org/springframework/boot/spring-boot-starter-test/2.0.1.RELEASE/spring-boot-starter-test-2.0.1.RELEASE.jar:/Users/fandongtongxue/Maven/org/springframework/boot/spring-boot-test/2.0.1.RELEASE/spring-boot-test-2.0.1.RELEASE.jar:/Users/fandongtongxue/Maven/org/springframework/boot/spring-boot-test-autoconfigure/2.0.1.RELEASE/spring-boot-test-autoconfigure-2.0.1.RELEASE.jar:/Users/fandongtongxue/Maven/com/jayway/jsonpath/json-path/2.4.0/json-path-2.4.0.jar:/Users/fandongtongxue/Maven/net/minidev/json-smart/2.3/json-smart-2.3.jar:/Users/fandongtongxue/Maven/net/minidev/accessors-smart/1.2/accessors-smart-1.2.jar:/Users/fandongtongxue/Maven/org/ow2/asm/asm/5.0.4/asm-5.0.4.jar:/Users/fandongtongxue/Maven/org/slf4j/slf4j-api/1.7.25/slf4j-api-1.7.25.jar:/Users/fandongtongxue/Maven/junit/junit/4.12/junit-4.12.jar:/Users/fandongtongxue/Maven/org/assertj/assertj-core/3.9.1/assertj-core-3.9.1.jar:/Users/fandongtongxue/Maven/org/mockito/mockito-core/2.15.0/mockito-core-2.15.0.jar:/Users/fandongtongxue/Maven/net/bytebuddy/byte-buddy/1.7.11/byte-buddy-1.7.11.jar:/Users/fandongtongxue/Maven/net/bytebuddy/byte-buddy-agent/1.7.11/byte-buddy-agent-1.7.11.jar:/Users/fandongtongxue/Maven/org/objenesis/objenesis/2.6/objenesis-2.6.jar:/Users/fandongtongxue/Maven/org/hamcrest/hamcrest-core/1.3/hamcrest-core-1.3.jar:/Users/fandongtongxue/Maven/org/hamcrest/hamcrest-library/1.3/hamcrest-library-1.3.jar:/Users/fandongtongxue/Maven/org/skyscreamer/jsonassert/1.5.0/jsonassert-1.5.0.jar:/Users/fandongtongxue/Maven/com/vaadin/external/google/android-json/0.0.20131108.vaadin1/android-json-0.0.20131108.vaadin1.jar:/Users/fandongtongxue/Maven/org/springframework/spring-core/5.0.5.RELEASE/spring-core-5.0.5.RELEASE.jar:/Users/fandongtongxue/Maven/org/springframework/spring-jcl/5.0.5.RELEASE/spring-jcl-5.0.5.RELEASE.jar:/Users/fandongtongxue/Maven/org/springframework/spring-test/5.0.5.RELEASE/spring-test-5.0.5.RELEASE.jar:/Users/fandongtongxue/Maven/org/xmlunit/xmlunit-core/2.5.1/xmlunit-core-2.5.1.jar:/Users/fandongtongxue/Maven/com/qiniu/qiniu-java-sdk/7.2.11/qiniu-java-sdk-7.2.11.jar:/Users/fandongtongxue/Maven/com/squareup/okhttp3/okhttp/3.9.1/okhttp-3.9.1.jar:/Users/fandongtongxue/Maven/com/squareup/okio/okio/1.13.0/okio-1.13.0.jar:/Users/fandongtongxue/Maven/com/google/code/gson/gson/2.8.2/gson-2.8.2.jar:/Users/fandongtongxue/Maven/com/qiniu/happy-dns-java/0.1.6/happy-dns-java-0.1.6.jar:/Users/fandongtongxue/Maven/com/aliyun/oss/aliyun-sdk-oss/2.8.3/aliyun-sdk-oss-2.8.3.jar:/Users/fandongtongxue/Maven/org/apache/httpcomponents/httpclient/4.5.5/httpclient-4.5.5.jar:/Users/fandongtongxue/Maven/org/apache/httpcomponents/httpcore/4.4.9/httpcore-4.4.9.jar:/Users/fandongtongxue/Maven/commons-codec/commons-codec/1.11/commons-codec-1.11.jar:/Users/fandongtongxue/Maven/org/jdom/jdom/1.1/jdom-1.1.jar:"/>
    <property name="sun.cpu.endian" value="little"/>
    <property name="user.home" value="/Users/fandongtongxue"/>
    <property name="user.language" value="zh"/>
    <property name="java.specification.vendor" value="Oracle Corporation"/>
    <property name="java.version.date" value="2018-03-20"/>
    <property name="java.home" value="/Library/Java/JavaVirtualMachines/jdk-10.jdk/Contents/Home"/>
    <property name="file.separator" value="/"/>
    <property name="basedir" value="/Users/fandongtongxue/Documents/GitHub/CloudServer/cloudserver"/>
    <property name="java.vm.compressedOopsMode" value="Zero based"/>
    <property name="line.separator" value="&#10;"/>
    <property name="java.specification.name" value="Java Platform API Specification"/>
    <property name="java.vm.specification.vendor" value="Oracle Corporation"/>
    <property name="java.awt.graphicsenv" value="sun.awt.CGraphicsEnvironment"/>
    <property name="surefire.real.class.path" value="/Users/fandongtongxue/Documents/GitHub/CloudServer/cloudserver/target/surefire/surefirebooter18147195819397272563.jar"/>
    <property name="user.script" value="Hans"/>
    <property name="sun.management.compiler" value="HotSpot 64-Bit Tiered Compilers"/>
    <property name="java.runtime.version" value="10+46"/>
    <property name="user.name" value="fandongtongxue"/>
    <property name="path.separator" value=":"/>
    <property name="os.version" value="10.12.6"/>
    <property name="java.runtime.name" value="Java(TM) SE Runtime Environment"/>
    <property name="file.encoding" value="UTF-8"/>
    <property name="java.vm.name" value="Java HotSpot(TM) 64-Bit Server VM"/>
    <property name="java.vendor.version" value="18.3"/>
    <property name="localRepository" value="/Users/fandongtongxue/Maven"/>
    <property name="java.vendor.url.bug" value="http://bugreport.java.com/bugreport/"/>
    <property name="java.io.tmpdir" value="/var/folders/8x/493nn3h90w5b0c568m589m7m0000gn/T/"/>
    <property name="idea.version" value="2018.1.1"/>
    <property name="java.version" value="10"/>
    <property name="user.dir" value="/Users/fandongtongxue/Documents/GitHub/CloudServer/cloudserver"/>
    <property name="os.arch" value="x86_64"/>
    <property name="java.vm.specification.name" value="Java Virtual Machine Specification"/>
    <property name="java.awt.printerjob" value="sun.lwawt.macosx.CPrinterJob"/>
    <property name="sun.os.patch.level" value="unknown"/>
    <property name="java.library.path" value="/Users/fandongtongxue/Library/Java/Extensions:/Library/Java/Extensions:/Network/Library/Java/Extensions:/System/Library/Java/Extensions:/usr/lib/java:."/>
    <property name="java.vendor" value="Oracle Corporation"/>
    <property name="java.vm.info" value="mixed mode"/>
    <property name="java.vm.version" value="10+46"/>
    <property name="sun.io.unicode.encoding" value="UnicodeBig"/>
    <property name="java.class.version" value="54.0"/>
  </properties>
  <testcase name="contextLoads" classname="me.fandong.cloudserver.CloudserverApplicationTests" time="0.117"/>
</testsuite>